ROUND:   1
DEALER   HQ ST C9 
PLAYER01 S8 C3 D3  3 1 T   6  1

ROUND:   2
DEALER   CQ C7 C5 
PLAYER01 CA SA H6  3 1 T  -6  1

ROUND:   3
DEALER   CK S9 C5 
PLAYER01 CT H6 S4  3 1 T  -6 -1

ROUND:   4
DEALER   HA H8 H6 
PLAYER01 CQ D8 D4  3 1 T  -6 -1

ROUND:   5
DEALER   D5 S4 H2 
PLAYER01 H9 S6 S2  3 1 T   3 -1

ROUND:   6
DEALER   D9 H6 S4 
PLAYER01 DK H5 C2  3 1 T   3 -1

ROUND:   7
DEALER   D9 D6 H2 
PLAYER01 SQ H9 S4  3 1 T   3 -1

ROUND:   8
DEALER   DJ H7 C3 
PLAYER01 DQ HJ H5  3 1 T   3 -1

ROUND:   9
DEALER   HJ D8 H8 
PLAYER01 SK H7 H2  3 1 T  -6 -1

ROUND:   10
DEALER   C8 H8 S5 
PLAYER01 DT D8 S2  3 1 T  -6 -1

ROUND:   11
DEALER   DK CT C2 
PLAYER01 DQ DT C4  3 1 T  -6 -1

ROUND:   12
DEALER   ST D9 C2 
PLAYER01 SA HK H3  3 1 T   3 -1

ROUND:   13
DEALER   C9 C6 S5 
PLAYER01 HA CQ S8  3 1 T   3 -1

ROUND:   14
DEALER   CA SK HQ 
PLAYER01 CJ D6 D3  3 1 T  -6 -1

ROUND:   15
DEALER   CQ D6 H5 
PLAYER01 DJ ST S9  3 1 T   6  6

ROUND:   16
DEALER   CK ST D9 
PLAYER01 SJ D6 H5  3 1 T  -6 -1

ROUND:   17
DEALER   CK S4 C3 
PLAYER01 DQ D8 S5  3 1 T  -6 -1

ROUND:   18
DEALER   S5 C4 H4 
PLAYER01 CK DK HT  3 1 T   6  1

ROUND:   19
DEALER   S7 D3 S2 
PLAYER01 HA C6 H4  3 1 T   3 -1

ROUND:   20
DEALER   CJ D9 S8 
PLAYER01 D7 D6 H4  3 1 T   3 -1

ROUND:   21
DEALER   DA H9 D7 
PLAYER01 CJ H6 S2  3 1 T  -6 -1

ROUND:   22
DEALER   D9 C8 C2 
PLAYER01 HK H5 C4  3 1 T   3 -1

ROUND:   23
DEALER   DQ DJ C2 
PLAYER01 D9 H8 D5  3 1 T  -6 -1

ROUND:   24
DEALER   SA DJ C7 
PLAYER01 HQ ST C4  3 1 T  -6 -1

ROUND:   25
DEALER   HK H7 C4 
PLAYER01 HQ D6 D2  3 1 T  -6 -1

ROUND:   26
DEALER   HA C4 S3 
PLAYER01 DA HJ H8  3 1 T   6 -1

ROUND:   27
DEALER   SJ D5 H5 
PLAYER01 DQ S7 C3  3 1 T  -6 -1

ROUND:   28
DEALER   H5 D3 C2 
PLAYER01 DA SK D7  3 1 T   3 -1

ROUND:   29
DEALER   SJ D5 C4 
PLAYER01 CQ CT DT  3 1 T   3  1

ROUND:   30
DEALER   HA S9 S3 
PLAYER01 D9 C7 D4  3 1 T  -6 -1

ROUND:   31
DEALER   DJ SJ S7 
PLAYER01 D8 H8 S3  3 1 T  -6  1

ROUND:   32
DEALER   HT ST S6 
PLAYER01 H3 D2 S2  3 1 T  -6  1

ROUND:   33
DEALER   D9 S9 C8 
PLAYER01 CA DJ S4  3 1 T  -6 -1

ROUND:   34
DEALER   D8 H7 S2 
PLAYER01 DT S7 C6  3 1 T   3 -1

ROUND:   35
DEALER   HQ ST S4 
PLAYER01 S7 D5 D2  3 1 T  -6 -1

ROUND:   36
DEALER   CJ CT D7 
PLAYER01 DA HT S9  3 1 T   3 -1

ROUND:   37
DEALER   DJ SJ H9 
PLAYER01 DT C7 H2  3 1 T  -6 -1

ROUND:   38
DEALER   S8 C7 D6 
PLAYER01 CT S9 D7  3 1 T  -6 -1

ROUND:   39
DEALER   CJ D6 S3 
PLAYER01 HJ C4 S4  3 1 T   3  1

ROUND:   40
DEALER   SA SJ H4 
PLAYER01 CA SQ C9  3 1 T   6 -1

ROUND:   41
DEALER   SQ C7 H6 
PLAYER01 ST S6 C2  3 1 T  -6 -1

ROUND:   42
DEALER   CA DJ SJ 
PLAYER01 H9 D3 S3  3 1 T  -6  1

ROUND:   43
DEALER   S9 H7 H4 
PLAYER01 HA CJ H5  3 1 T   3 -1

ROUND:   44
DEALER   SA H6 H3 
PLAYER01 CJ C9 S4  3 1 T  -6 -1

ROUND:   45
DEALER   CA HA C2 
PLAYER01 CQ C4 C3  3 1 T   6  3

ROUND:   46
DEALER   DQ D9 C7 
PLAYER01 SA HJ H2  3 1 T   6 -1

ROUND:   47
DEALER   HK H5 C3 
PLAYER01 SK C8 D7  3 1 T   6 -1

ROUND:   48
DEALER   DT H8 S5 
PLAYER01 HK D8 S2  3 1 T   3 -1

ROUND:   49
DEALER   HA D9 S5 
PLAYER01 CT DT S4  3 1 T   6  1

ROUND:   50
DEALER   SK H8 H6 
PLAYER01 S4 D3 H3  3 1 T   6  1

ROUND:   51
DEALER   HJ C7 S6 
PLAYER01 DJ S9 H4  3 1 T   3 -1

ROUND:   52
DEALER   D9 S5 D2 
PLAYER01 CA DA H7  3 1 T   3  1

ROUND:   53
DEALER   H7 S7 C5 
PLAYER01 SK CJ D5  3 1 T  -6 -1

ROUND:   54
DEALER   S8 C7 C5 
PLAYER01 CJ D4 H3  3 1 T   3 -1

ROUND:   55
DEALER   ST H9 D8 
PLAYER01 HK C5 C4  3 1 T  -6 -1

ROUND:   56
DEALER   C8 S7 S3 
PLAYER01 SK CT C5  3 1 T   3 -1

ROUND:   57
DEALER   CQ SQ S6 
PLAYER01 DK H6 H5  3 1 T  -6 -1

ROUND:   58
DEALER   CA C4 H2 
PLAYER01 HA SA HK  3 1 T   6  1

ROUND:   59
DEALER   HA C9 C7 
PLAYER01 H7 H5 C2  3 1 T  -6 -1

ROUND:   60
DEALER   SA HQ C3 
PLAYER01 CQ D9 C6  3 1 T  -6 -1

ROUND:   61
DEALER   H8 C6 D3 
PLAYER01 CA S9 D6  3 1 T   3 -1

ROUND:   62
DEALER   H5 D4 H3 
PLAYER01 D5 H4 S4  3 1 T  -6  1

ROUND:   63
DEALER   HQ D6 C3 
PLAYER01 CQ S7 C4  3 1 T   6 -1

ROUND:   64
DEALER   HJ D6 H5 
PLAYER01 SQ C9 H9  3 1 T   3  1

ROUND:   65
DEALER   CQ HT D6 
PLAYER01 C7 H6 D4  3 1 T  -6 -1

ROUND:   66
DEALER   DK CT DT 
PLAYER01 HA SQ C4  3 1 T  -6 -1

ROUND:   67
DEALER   HA CJ S7 
PLAYER01 SK C6 H6  3 1 T   6  1

ROUND:   68
DEALER   CQ S7 D4 
PLAYER01 CA S4 C3  3 1 T   6 -1

ROUND:   69
DEALER   SA CJ S7 
PLAYER01 SQ S8 H6  3 1 T  -6 -1

ROUND:   70
DEALER   HA C7 H7 
PLAYER01 DA C4 S3  3 1 T  -6 -1

ROUND:   71
DEALER   SJ C9 C7 
PLAYER01 DK ST S7  3 1 T   3 -1

ROUND:   72
DEALER   CQ DT S3 
PLAYER01 DA S8 D4  3 1 T   6 -1

ROUND:   73
DEALER   DJ H8 H4 
PLAYER01 DK DQ ST  3 1 T   3 -1

ROUND:   74
DEALER   SA S7 C5 
PLAYER01 HT D8 D2  3 1 T  -6 -1

ROUND:   75
DEALER   ST D8 C3 
PLAYER01 DQ C5 S3  3 1 T   3 -1

ROUND:   76
DEALER   DJ DT C8 
PLAYER01 HQ H4 C3  3 1 T   3 -1

ROUND:   77
DEALER   DJ D9 C7 
PLAYER01 SA C4 C3  3 1 T   3 -1

ROUND:   78
DEALER   HK C5 S2 
PLAYER01 HA S5 H2  3 1 T   6 -1

ROUND:   79
DEALER   DK DJ H6 
PLAYER01 HT S8 H3  3 1 T  -6 -1

ROUND:   80
DEALER   HT H4 H2 
PLAYER01 DJ S9 C5  3 1 T  -6 -1

ROUND:   81
DEALER   CQ SJ S8 
PLAYER01 DA DQ C9  3 1 T   6 -1

ROUND:   82
DEALER   HA HT D3 
PLAYER01 DK ST D2  3 1 T  -6 -1

ROUND:   83
DEALER   HQ DJ S6 
PLAYER01 HA C6 C5  3 1 T   6 -1

ROUND:   84
DEALER   CK DK S2 
PLAYER01 HQ S6 C5  3 1 T  -6 -1

ROUND:   85
DEALER   HA HT S6 
PLAYER01 DA S4 H2  3 1 T  -6 -1

ROUND:   86
DEALER   DA C7 C5 
PLAYER01 CQ S4 D2  3 1 T  -6 -1

ROUND:   87
DEALER   SA H4 D3 
PLAYER01 HA DT D5  3 1 T   6 -1

ROUND:   88
DEALER   DA C3 D2 
PLAYER01 ST C5 C2  3 1 T  -6 -1

ROUND:   89
DEALER   HA DT S7 
PLAYER01 D4 S4 S3  3 1 T   6  1

ROUND:   90
DEALER   SJ D7 S2 
PLAYER01 CQ D9 H4  3 1 T   3 -1

ROUND:   91
DEALER   H9 C6 H5 
PLAYER01 DT H6 H2  3 1 T   3 -1

ROUND:   92
DEALER   SJ H9 H3 
PLAYER01 HJ S6 C5  3 1 T   3 -1

ROUND:   93
DEALER   SA C8 D7 
PLAYER01 C7 D6 D2  3 1 T  -6 -1

ROUND:   94
DEALER   CA C9 S9 
PLAYER01 CQ SJ S6  3 1 T  -6 -1

ROUND:   95
DEALER   SQ C9 D3 
PLAYER01 DA SK C6  3 1 T   6 -1

ROUND:   96
DEALER   DA DJ CT 
PLAYER01 SJ S9 C2  3 1 T  -6 -1

ROUND:   97
DEALER   CT HT C6 
PLAYER01 CK H5 C2  3 1 T  -6 -1

ROUND:   98
DEALER   SQ S6 D5 
PLAYER01 HK C9 D9  3 1 T   6  1

ROUND:   99
DEALER   SQ C3 D2 
PLAYER01 D6 D3 S2  3 1 T  -6 -1

ROUND:   100
DEALER   CA D6 S2 
PLAYER01 CK DT D9  3 1 T  -6 -1

