ROUND:   1
DEALER   CA SA C8 
PLAYER01 DT HT H8  3 1 T  -6  1

ROUND:   2
DEALER   SA HQ H4 
PLAYER01 CQ HJ D7  3 1 T  -6 -1

ROUND:   3
DEALER   SK H7 H2 
PLAYER01 DA DK S5  3 1 T   6 -1

ROUND:   4
DEALER   D8 C7 H4 
PLAYER01 HK D3 S3  3 1 T   3  1

ROUND:   5
DEALER   CK DJ C8 
PLAYER01 HQ S4 D3  3 1 T  -6 -1

ROUND:   6
DEALER   SA C7 S7 
PLAYER01 ST D9 H2  3 1 T  -6 -1

ROUND:   7
DEALER   D8 C7 S5 
PLAYER01 DK D7 H4  3 1 T   3 -1

ROUND:   8
DEALER   HA SQ CT 
PLAYER01 SA H7 H3  3 1 T  -6 -1

ROUND:   9
DEALER   CQ HJ H7 
PLAYER01 S9 H8 C4  3 1 T  -6 -1

ROUND:   10
DEALER   C7 S4 C2 
PLAYER01 C9 H8 S8  3 1 T   3  1

ROUND:   11
DEALER   HQ S8 H7 
PLAYER01 DK C7 S7  3 1 T   6  1

ROUND:   12
DEALER   H8 D4 S3 
PLAYER01 DQ D5 D2  3 1 T   3  3

ROUND:   13
DEALER   CK D9 S5 
PLAYER01 S7 D4 S2  3 1 T  -6 -1

ROUND:   14
DEALER   CA CT S4 
PLAYER01 C6 S5 C3  3 1 T  -6 -1

ROUND:   15
DEALER   C9 S9 D4 
PLAYER01 SQ D8 H2  3 1 T  -6 -1

ROUND:   16
DEALER   SK S6 D5 
PLAYER01 CT D6 S2  3 1 T  -6 -1

ROUND:   17
DEALER   H8 S4 D3 
PLAYER01 D7 C5 H4  3 1 T   3 -1

ROUND:   18
DEALER   S6 H4 S3 
PLAYER01 HJ S8 S2  3 1 T   3 -1

ROUND:   19
DEALER   C8 H8 S3 
PLAYER01 DA HJ S5  3 1 T  -6 -1

ROUND:   20
DEALER   HT H6 D3 
PLAYER01 C8 S8 H2  3 1 T   3  1

ROUND:   21
DEALER   HA H5 H2 
PLAYER01 S9 D8 S3  3 1 T  -6 -1

ROUND:   22
DEALER   C5 H5 C3 
PLAYER01 DK HK S3  3 1 T   6  1

ROUND:   23
DEALER   SA D9 S9 
PLAYER01 CA HA DJ  3 1 T   6  1

ROUND:   24
DEALER   CT C6 S4 
PLAYER01 D9 S7 D2  3 1 T   3 -1

ROUND:   25
DEALER   S8 C2 H2 
PLAYER01 CA HJ S7  3 1 T  -6 -1

ROUND:   26
DEALER   HA ST C7 
PLAYER01 CK D8 H8  3 1 T   6  1

ROUND:   27
DEALER   SQ D6 C4 
PLAYER01 D7 S6 S5  3 1 T   6  6

ROUND:   28
DEALER   DK SK HJ 
PLAYER01 HT C7 D3  3 1 T  -6 -1

ROUND:   29
DEALER   DA C6 S3 
PLAYER01 H6 D2 S2  3 1 T   6  1

ROUND:   30
DEALER   CQ CJ S8 
PLAYER01 HT D4 H4  3 1 T   6  1

ROUND:   31
DEALER   CA SA C2 
PLAYER01 C8 S7 H5  3 1 T  -6 -1

ROUND:   32
DEALER   DT H8 H5 
PLAYER01 CT C6 H6  3 1 T   3  1

ROUND:   33
DEALER   CQ D8 S7 
PLAYER01 C7 H6 C5  3 1 T   6  6

ROUND:   34
DEALER   CA DA SQ 
PLAYER01 DJ C6 C2  3 1 T  -6 -1

ROUND:   35
DEALER   DK DJ D5 
PLAYER01 HK C8 D7  3 1 T  -6 -1

ROUND:   36
DEALER   CT C7 S5 
PLAYER01 CJ S7 D4  3 1 T   3 -1

ROUND:   37
DEALER   HK ST H2 
PLAYER01 HT C4 D3  3 1 T  -6 -1

ROUND:   38
DEALER   D7 D5 C4 
PLAYER01 HA C3 D2  3 1 T   3  6

ROUND:   39
DEALER   C8 D8 S3 
PLAYER01 D5 S5 D2  3 1 T  -6  1

ROUND:   40
DEALER   HK S3 D2 
PLAYER01 CA H3 S2  3 1 T   6  6

ROUND:   41
DEALER   DK DJ H4 
PLAYER01 CK CQ HJ  3 1 T   6  6

ROUND:   42
DEALER   CA S7 S5 
PLAYER01 S9 H4 H2  3 1 T  -6 -1

ROUND:   43
DEALER   CA DT H4 
PLAYER01 SA SJ H3  3 1 T   6 -1

ROUND:   44
DEALER   HA ST S2 
PLAYER01 SA DK C7  3 1 T   6 -1

ROUND:   45
DEALER   SK H9 D5 
PLAYER01 CT D8 S2  3 1 T  -6 -1

ROUND:   46
DEALER   DQ D7 C2 
PLAYER01 S8 S6 C3  3 1 T  -6 -1

ROUND:   47
DEALER   CT H7 S2 
PLAYER01 HK HT H4  3 1 T   3  3

ROUND:   48
DEALER   S5 D4 S4 
PLAYER01 DJ C9 H7  3 1 T  -6 -1

ROUND:   49
DEALER   CQ DJ H5 
PLAYER01 SA DT H2  3 1 T   6 -1

ROUND:   50
DEALER   HA CJ DT 
PLAYER01 C6 C4 D2  3 1 T  -6 -1

ROUND:   51
DEALER   SQ CJ C8 
PLAYER01 SJ CT C4  3 1 T  -6 -1

ROUND:   52
DEALER   D9 S9 H4 
PLAYER01 CT D6 S4  3 1 T  -6 -1

ROUND:   53
DEALER   HK DJ CT 
PLAYER01 C6 D6 S4  3 1 T   6  1

ROUND:   54
DEALER   SA HJ H4 
PLAYER01 CK CT C9  3 1 T   6  3

ROUND:   55
DEALER   CA H8 D2 
PLAYER01 C8 H6 S3  3 1 T  -6 -1

ROUND:   56
DEALER   HT H4 H2 
PLAYER01 D4 C3 C2  3 1 T   6  6

ROUND:   57
DEALER   SJ DT C2 
PLAYER01 SA HQ HJ  3 1 T   3 -1

ROUND:   58
DEALER   DJ D4 H4 
PLAYER01 CQ CT D9  3 1 T  -6 -1

ROUND:   59
DEALER   HK SQ S9 
PLAYER01 CJ HJ CT  3 1 T   6  1

ROUND:   60
DEALER   SJ S3 D2 
PLAYER01 H7 H4 S2  3 1 T   3 -1

ROUND:   61
DEALER   HJ C5 D5 
PLAYER01 CQ S4 H2  3 1 T  -6 -1

ROUND:   62
DEALER   CK SK CJ 
PLAYER01 CQ D7 D5  3 1 T  -6 -1

ROUND:   63
DEALER   DJ H7 D4 
PLAYER01 HK HT H2  3 1 T   3  3

ROUND:   64
DEALER   S9 D5 S4 
PLAYER01 SJ HT D4  3 1 T   3 -1

ROUND:   65
DEALER   H7 D2 H2 
PLAYER01 DK H9 C7  3 1 T  -6 -1

ROUND:   66
DEALER   CQ D9 H2 
PLAYER01 D5 D4 S2  3 1 T  -6 -1

ROUND:   67
DEALER   DA H8 S2 
PLAYER01 DK S9 C3  3 1 T  -6 -1

ROUND:   68
DEALER   HA D7 H3 
PLAYER01 C9 C6 S5  3 1 T  -6 -1

ROUND:   69
DEALER   DA C4 H3 
PLAYER01 SA DJ C9  3 1 T   6 -1

ROUND:   70
DEALER   SA S7 S3 
PLAYER01 CA DK H7  3 1 T  -6 -1

ROUND:   71
DEALER   HA H7 C6 
PLAYER01 SA H5 S3  3 1 T  -6 -1

ROUND:   72
DEALER   CA C9 C8 
PLAYER01 CJ DT S7  3 1 T  -6 -1

ROUND:   73
DEALER   DQ H9 C4 
PLAYER01 CK CT H4  3 1 T   6 -1

ROUND:   74
DEALER   CK SJ S4 
PLAYER01 S9 H7 S5  3 1 T  -6 -1

ROUND:   75
DEALER   D4 C3 H3 
PLAYER01 D9 D2 S2  3 1 T  -6  1

ROUND:   76
DEALER   CK CQ C8 
PLAYER01 DT S8 S6  3 1 T  -6 -1

ROUND:   77
DEALER   C9 H6 H4 
PLAYER01 D9 H9 D2  3 1 T   3  1

ROUND:   78
DEALER   SA HJ SJ 
PLAYER01 DJ S8 D5  3 1 T  -6 -1

ROUND:   79
DEALER   DA DJ S6 
PLAYER01 CJ DT H2  3 1 T  -6 -1

ROUND:   80
DEALER   DQ SQ H5 
PLAYER01 DJ S7 C2  3 1 T  -6 -1

ROUND:   81
DEALER   DK C9 H8 
PLAYER01 CQ S7 C4  3 1 T  -6 -1

ROUND:   82
DEALER   SA DK H2 
PLAYER01 HQ C8 S5  3 1 T  -6 -1

ROUND:   83
DEALER   D5 C3 C2 
PLAYER01 D6 H6 S4  3 1 T   3  1

ROUND:   84
DEALER   CK DK C5 
PLAYER01 ST C4 D2  3 1 T  -6 -1

ROUND:   85
DEALER   H9 D5 S2 
PLAYER01 SK DQ C6  3 1 T   3 -1

ROUND:   86
DEALER   H8 S5 S3 
PLAYER01 D5 H3 D2  3 1 T   3 -1

ROUND:   87
DEALER   D7 S3 S2 
PLAYER01 SJ D9 C2  3 1 T   3 -1

ROUND:   88
DEALER   CT HT S4 
PLAYER01 C6 D2 H2  3 1 T  -6  1

ROUND:   89
DEALER   DK DJ C7 
PLAYER01 HA D4 C2  3 1 T   6 -1

ROUND:   90
DEALER   CJ S8 H5 
PLAYER01 CK HQ C9  3 1 T   3 -1

ROUND:   91
DEALER   CQ H4 S3 
PLAYER01 DT H7 S5  3 1 T  -6 -1

ROUND:   92
DEALER   C7 D7 S2 
PLAYER01 CA CQ H6  3 1 T  -6 -1

ROUND:   93
DEALER   H9 S5 S4 
PLAYER01 HK DJ C3  3 1 T   3 -1

ROUND:   94
DEALER   SK SQ C6 
PLAYER01 SA CT DT  3 1 T   6  1

ROUND:   95
DEALER   D7 S6 C3 
PLAYER01 C9 H5 S4  3 1 T   3 -1

ROUND:   96
DEALER   SQ S8 D5 
PLAYER01 D8 S7 H2  3 1 T  -6 -1

ROUND:   97
DEALER   DT C7 C2 
PLAYER01 DA SQ C9  3 1 T   3 -1

ROUND:   98
DEALER   DT HT D5 
PLAYER01 HQ D6 D4  3 1 T  -6 -1

ROUND:   99
DEALER   SJ C8 H6 
PLAYER01 HK C6 C4  3 1 T   3 -1

ROUND:   100
DEALER   C9 C4 H4 
PLAYER01 HK ST D7  3 1 T  -6 -1

