ROUND:   1
DEALER   DT S9 C5 
PLAYER01 SA D7 H4  3 1 T   3 -1
PLAYER02 CK HJ S2  3 1 T   3 -1
PLAYER03 H5 S5 D2  3 1 T   3  1
PLAYER04 DQ C6 S6  3 1 T   3  1

ROUND:   2
DEALER   SA SQ D4 
PLAYER01 HA H5 C3  3 1 T  -6 -1
PLAYER02 CA ST S5  3 1 T  -6 -1
PLAYER03 HK C6 S2  3 1 T  -6 -1
PLAYER04 D7 S6 H4  3 1 -  -3 -1

ROUND:   3
DEALER   ST H9 D4 
PLAYER01 HA SQ C9  3 1 T   3 -1
PLAYER02 C7 S4 S3  3 1 T   3 -1
PLAYER03 DA H8 C5  3 1 T   3 -1
PLAYER04 HT D7 C4  3 1 T   3 -1

ROUND:   4
DEALER   D5 D2 H2 
PLAYER01 SK C5 C4  3 1 T  -6 -1
PLAYER02 SA C9 H9  3 1 T   6  1
PLAYER03 DJ S6 C2  3 1 T  -6 -1
PLAYER04 D8 D7 D4  3 1 T   6  3

ROUND:   5
DEALER   S9 C7 H3 
PLAYER01 HK S6 C2  3 1 T   3 -1
PLAYER02 C8 D4 C3  3 1 T   3 -1
PLAYER03 HA CK H8  3 1 T   3 -1
PLAYER04 CA D9 C5  3 1 T   3 -1

ROUND:   6
DEALER   CT DT D3 
PLAYER01 D8 H7 S5  3 1 T  -6 -1
PLAYER02 S6 H4 C2  3 1 T  -6 -1
PLAYER03 DQ D7 D4  3 1 T   6  3
PLAYER04 CQ C9 S7  3 1 T  -6 -1

ROUND:   7
DEALER   CJ DJ D2 
PLAYER01 HA H6 H4  3 1 T   6  3
PLAYER02 CQ S6 D4  3 1 T  -6 -1
PLAYER03 CK H7 S5  3 1 T  -6 -1
PLAYER04 SQ C7 C5  3 1 T  -6 -1

ROUND:   8
DEALER   SQ C6 S5 
PLAYER01 CA HA HT  3 1 T   6  1
PLAYER02 CT D6 C2  3 1 T  -6 -1
PLAYER03 SK D3 H2  3 1 T   6 -1
PLAYER04 SA H3 S2  3 1 T   6  6

ROUND:   9
DEALER   D7 S6 C5 
PLAYER01 D8 C6 S3  3 1 T  -6 -1
PLAYER02 DA HQ HT  3 1 T  -6 -1
PLAYER03 CQ C7 C3  3 1 T  -6  3
PLAYER04 CK CT H9  3 1 T  -6 -1

ROUND:   10
DEALER   DA H7 C2 
PLAYER01 HT H6 C3  3 1 T  -6 -1
PLAYER02 DJ D3 H3  3 1 T   6  1
PLAYER03 HK D9 D7  3 1 T  -6 -1
PLAYER04 CQ S6 H2  3 1 -  -3 -1

ROUND:   11
DEALER   SA D6 D3 
PLAYER01 HK S6 H3  3 1 T  -6 -1
PLAYER02 HQ D5 H2  3 1 T  -6 -1
PLAYER03 ST C3 S3  3 1 T   6  1
PLAYER04 HJ S9 C6  3 1 -  -3 -1

ROUND:   12
DEALER   CQ CT C4 
PLAYER01 DK D6 H3  3 1 T  -6 -1
PLAYER02 DJ S8 S5  3 1 T  -6 -1
PLAYER03 CK H9 H2  3 1 T  -6 -1
PLAYER04 C3 D3 C2  3 1 T  -6  1

ROUND:   13
DEALER   DA H6 C3 
PLAYER01 DQ C6 C4  3 1 T  -6 -1
PLAYER02 CT H8 D7  3 1 T  -6 -1
PLAYER03 HK H7 C5  3 1 T  -6 -1
PLAYER04 C9 H9 D2  3 1 T   6  1

ROUND:   14
DEALER   HJ C8 S8 
PLAYER01 HA DK C7  3 1 T  -6 -1
PLAYER02 D8 D7 S6  3 1 T   6  6
PLAYER03 CA D6 C4  3 1 T  -6 -1
PLAYER04 SA SQ D2  3 1 T  -6 -1

ROUND:   15
DEALER   DT H9 S2 
PLAYER01 DJ D6 H3  3 1 T   3 -1
PLAYER02 CK H4 S3  3 1 T   3 -1
PLAYER03 S9 D8 C2  3 1 T   3 -1
PLAYER04 S8 H6 S4  3 1 -  -3 -1

ROUND:   16
DEALER   CK HT S7 
PLAYER01 HA H5 S3  3 1 T   6 -1
PLAYER02 HK D4 H4  3 1 T   6  1
PLAYER03 D8 D7 D3  3 1 T   6  3
PLAYER04 DK C9 H8  3 1 -  -3 -1

ROUND:   17
DEALER   D5 H5 D2 
PLAYER01 SA SJ S2  3 1 T   6  3
PLAYER02 C8 C5 S4  3 1 T  -6 -1
PLAYER03 HA H6 D4  3 1 T  -6 -1
PLAYER04 CQ C9 D7  3 1 T  -6 -1

ROUND:   18
DEALER   SA C9 D9 
PLAYER01 D7 S6 H3  3 1 T  -6 -1
PLAYER02 HQ D6 H4  3 1 T  -6 -1
PLAYER03 DK HJ D2  3 1 T  -6 -1
PLAYER04 H9 H8 C4  3 1 T  -6 -1

ROUND:   19
DEALER   D9 D7 H4 
PLAYER01 HJ CT ST  3 1 T   3  1
PLAYER02 HA D6 D2  3 1 T   3 -1
PLAYER03 CK C7 D5  3 1 T   3 -1
PLAYER04 CQ S9 S5  3 1 -  -3 -1

ROUND:   20
DEALER   HQ H8 D4 
PLAYER01 CT S7 C2  3 1 T  -6 -1
PLAYER02 SQ H9 D2  3 1 T   6 -1
PLAYER03 C7 D6 H2  3 1 T  -6 -1
PLAYER04 CK C9 S8  3 1 T   6 -1

ROUND:   21
DEALER   DT C7 C4 
PLAYER01 DJ C3 D3  3 1 T   3  1
PLAYER02 SA CQ S7  3 1 T   3 -1
PLAYER03 H7 S6 C2  3 1 T   3 -1
PLAYER04 H8 D4 S4  3 1 T   3  1

ROUND:   22
DEALER   S6 H4 H3 
PLAYER01 C5 D5 C3  3 1 T   3  1
PLAYER02 HA S9 S5  3 1 T   3 -1
PLAYER03 DJ H8 D4  3 1 T   3 -1
PLAYER04 DA C7 H2  3 1 T   3 -1

ROUND:   23
DEALER   SK HQ D4 
PLAYER01 HJ H5 S3  3 1 T  -6 -1
PLAYER02 DK HT S2  3 1 T  -6 -1
PLAYER03 SQ DJ D2  3 1 T  -6 -1
PLAYER04 HK C6 D3  3 1 -  -3 -1

ROUND:   24
DEALER   DJ D7 S3 
PLAYER01 CT S9 C2  3 1 T   3 -1
PLAYER02 C9 H6 D5  3 1 T   3 -1
PLAYER03 DK DT HT  3 1 T   3  1
PLAYER04 CJ C5 D3  3 1 -  -3 -1

ROUND:   25
DEALER   CT C7 D4 
PLAYER01 DJ HT S5  3 1 T   3 -1
PLAYER02 HK SK D5  3 1 T   3  1
PLAYER03 CK SQ H8  3 1 T   3 -1
PLAYER04 DK S4 D2  3 1 T   3 -1

ROUND:   26
DEALER   HQ H9 S8 
PLAYER01 H8 D5 C4  3 1 T  -6 -1
PLAYER02 HA SK C3  3 1 T   6 -1
PLAYER03 D6 D4 C2  3 1 T  -6 -1
PLAYER04 CT S6 S2  3 1 -  -3 -1

ROUND:   27
DEALER   SQ D9 H4 
PLAYER01 DK HQ H7  3 1 T   6 -1
PLAYER02 CA DT D5  3 1 T   6 -1
PLAYER03 CQ H3 C2  3 1 T  -6 -1
PLAYER04 DQ H9 H8  3 1 T   6 -1

ROUND:   28
DEALER   DJ C4 D3 
PLAYER01 C9 D9 H3  3 1 T   3  1
PLAYER02 SQ S9 S8  3 1 T   3  3
PLAYER03 CT S7 D2  3 1 T   3 -1
PLAYER04 HA HT S5  3 1 T   3 -1

ROUND:   29
DEALER   DJ C3 H2 
PLAYER01 HT C9 C8  3 1 T   3  6
PLAYER02 C5 C4 D4  3 1 T   3  1
PLAYER03 S8 D5 S3  3 1 T   3 -1
PLAYER04 HK D8 H3  3 1 T   3 -1

ROUND:   30
DEALER   SA CK D6 
PLAYER01 SQ ST D4  3 1 T  -6 -1
PLAYER02 D9 H9 H2  3 1 T   6  1
PLAYER03 C9 H6 S2  3 1 T  -6 -1
PLAYER04 S7 S5 S3  3 1 T   6  3

ROUND:   31
DEALER   SQ S9 C8 
PLAYER01 H9 H7 D4  3 1 T  -6 -1
PLAYER02 DQ HT C7  3 1 T   6 -1
PLAYER03 CK ST S7  3 1 T   6 -1
PLAYER04 D8 D7 H3  3 1 -  -3 -1

